<?xml version="1.0" encoding="UTF-8"?>
<!-- Generated by org.testng.reporters.JUnitReportReporter -->
<testsuite skipped="0" hostname="DESKTOP-M29LCV2" name="com.WeatherAPI.Weather" tests="1" failures="0" timestamp="17 Apr 2017 01:04:38 GMT" time="6.590" errors="0">
  <testcase name="CityName" time="6.590" classname="com.WeatherAPI.Weather"/>
</testsuite> <!-- com.WeatherAPI.Weather -->
