<?xml version="1.0" encoding="UTF-8"?>
<!-- Generated by org.testng.reporters.JUnitReportReporter -->
<testsuite name="com.techbeamers.LoadTest01" tests="1" time="95.025" ignored="0" failures="0" timestamp="17 Apr 2017 00:34:09 GMT" skipped="0" hostname="DESKTOP-M29LCV2" errors="0">
  <testcase name="verifySearchButton" time="95.025" classname="com.techbeamers.LoadTest01"/>
</testsuite> <!-- com.techbeamers.LoadTest01 -->
